f:\cocosstudio\cocos\cocosprojects\groupprojectgm\proj.win32\debug.win32\gamesetting.obj
f:\cocosstudio\cocos\cocosprojects\groupprojectgm\proj.win32\debug.win32\miner.obj
f:\cocosstudio\cocos\cocosprojects\groupprojectgm\proj.win32\debug.win32\gamemenu.obj
f:\cocosstudio\cocos\cocosprojects\groupprojectgm\proj.win32\debug.win32\main.obj
f:\cocosstudio\cocos\cocosprojects\groupprojectgm\proj.win32\debug.win32\food.obj
f:\cocosstudio\cocos\cocosprojects\groupprojectgm\proj.win32\debug.win32\levelpause.obj
f:\cocosstudio\cocos\cocosprojects\groupprojectgm\proj.win32\debug.win32\appdelegate.obj
f:\cocosstudio\cocos\cocosprojects\groupprojectgm\proj.win32\debug.win32\maingame.obj
f:\cocosstudio\cocos\cocosprojects\groupprojectgm\proj.win32\debug.win32\vc141.pdb
f:\cocosstudio\cocos\cocosprojects\groupprojectgm\proj.win32\debug.win32\groupprojectgm.lib
f:\cocosstudio\cocos\cocosprojects\groupprojectgm\proj.win32\debug.win32\groupprojectgm.exp
f:\cocosstudio\cocos\cocosprojects\groupprojectgm\proj.win32\groupprojectgm.cab
f:\cocosstudio\cocos\cocosprojects\groupprojectgm\proj.win32\debug.win32\groupprojectgm.ilk
f:\cocosstudio\cocos\cocosprojects\groupprojectgm\proj.win32\debug.win32\groupprojectgm.exe
f:\cocosstudio\cocos\cocosprojects\groupprojectgm\proj.win32\debug.win32\groupprojectgm.pdb
f:\cocosstudio\cocos\cocosprojects\groupprojectgm\proj.win32\debug.win32\game.res
f:\cocosstudio\cocos\cocosprojects\groupprojectgm\proj.win32\debug.win32\vc141.idb
f:\cocosstudio\cocos\cocosprojects\groupprojectgm\proj.win32\debug.win32\groupprojectgm.tlog\cl.command.1.tlog
f:\cocosstudio\cocos\cocosprojects\groupprojectgm\proj.win32\debug.win32\groupprojectgm.tlog\cl.read.1.tlog
f:\cocosstudio\cocos\cocosprojects\groupprojectgm\proj.win32\debug.win32\groupprojectgm.tlog\cl.write.1.tlog
f:\cocosstudio\cocos\cocosprojects\groupprojectgm\proj.win32\debug.win32\groupprojectgm.tlog\groupprojectgm.write.1u.tlog
f:\cocosstudio\cocos\cocosprojects\groupprojectgm\proj.win32\debug.win32\groupprojectgm.tlog\link.command.1.tlog
f:\cocosstudio\cocos\cocosprojects\groupprojectgm\proj.win32\debug.win32\groupprojectgm.tlog\link.read.1.tlog
f:\cocosstudio\cocos\cocosprojects\groupprojectgm\proj.win32\debug.win32\groupprojectgm.tlog\link.write.1.tlog
f:\cocosstudio\cocos\cocosprojects\groupprojectgm\proj.win32\debug.win32\groupprojectgm.tlog\rc.command.1.tlog
f:\cocosstudio\cocos\cocosprojects\groupprojectgm\proj.win32\debug.win32\groupprojectgm.tlog\rc.read.1.tlog
f:\cocosstudio\cocos\cocosprojects\groupprojectgm\proj.win32\debug.win32\groupprojectgm.tlog\rc.write.1.tlog
